<?xml version="1.0" encoding="UTF-8"?>
<!-- Generated by org.testng.reporters.JUnitXMLReporter -->
<testsuite ignored="0" hostname="DESKTOP-S1RUQPE" failures="1" tests="1" name="Command line test" time="14.62" errors="0" timestamp="13 May 2021 14:23:46 GMT">
  <testcase classname="SearchTests.SearchTest" name="TestSearching" time="3.547">
    <failure type="java.lang.NullPointerException" message="Cannot invoke &amp;quot;String.equals(Object)&amp;quot; because the return value of &amp;quot;org.openqa.selenium.WebElement.getAttribute(String)&amp;quot; is null">
      <![CDATA[java.lang.NullPointerException: Cannot invoke "String.equals(Object)" because the return value of "org.openqa.selenium.WebElement.getAttribute(String)" is null
at pages.search.SearchPage$SearchItem.<init>(SearchPage.java:45)
at pages.search.SearchPage.getItems(SearchPage.java:24)
at SearchTests.SearchTest.TestSearching(SearchTest.java:17)
... Removed 34 stack frames]]>
    </failure>
  </testcase> <!-- TestSearching -->
</testsuite> <!-- Command line test -->
